Case #1
a 1
Case #2
l 3
o 2
d 1
e 1
h 1
r 1
w 1
Case #3
e 2
l 2
o 2
u 2
c 1
h 1
m 1
t 1
w 1
Case #4
o 4
e 3
h 2
r 2
s 2
t 2
u 2
a 1
b 1
c 1
d 1
f 1
g 1
i 1
j 1
k 1
l 1
m 1
n 1
p 1
q 1
v 1
w 1
x 1
y 1
z 1
Case #5
c 3
d 3
b 2
a 1
Case #6
a 1
b 1
c 1
d 1
e 1
f 1
g 1
h 1
i 1
j 1
k 1
l 1
m 1
n 1
o 1
p 1
q 1
r 1
s 1
t 1
u 1
v 1
w 1
x 1
y 1
z 1
Case #7
r 63
z 62
j 58
v 57
k 55
s 54
w 54
n 53
c 52
f 51
o 51
p 49
Case #8
j 766
m 754
i 735
g 733
l 729
f 728
n 726
b 723
o 722
s 720
p 698
Case #9
s 982
q 955
i 952
l 951
w 949
y 939
e 911
d 894
h 890
Case #10
d 707
g 695
m 692
h 689
b 683
w 660
r 656
s 656
e 645
j 642
c 638
l 634
z 616
Case #11
q 327
n 322
h 309
e 308
f 308
c 305
p 297
t 297
k 295
r 294
m 293
s 289
l 287
z 287
o 286
g 285
i 285
a 274
y 273
v 266
x 264
Case #12
w 44
b 40
k 40
r 40
t 40
j 39
e 38
o 37
n 36
s 36
z 36
d 34
q 34
p 33
x 31
y 31
g 30
h 26
Case #13
k 432
l 400
v 394
n 386
w 384
q 383
j 381
i 380
d 379
y 376
c 375
g 375
o 372
x 370
u 366
e 362
a 357
r 354
Case #14
h 299
Case #15
w 421
g 420
e 412
c 404
s 398
f 396
d 391
p 388
h 386
z 386
t 380
j 379
y 377
r 365
n 364
l 361
m 356
q 355
Case #16
x 400
b 385
w 384
c 383
g 382
y 371
h 370
m 367
z 365
q 362
p 346
t 343
u 343
d 335
i 330
Case #17
l 319
c 315
y 313
d 307
w 303
m 301
a 295
h 294
f 291
r 291
v 290
k 288
g 287
i 287
o 282
u 282
q 279
s 272
n 271
b 260
j 257
Case #18
z 4055
Case #19
d 857
y 845
x 828
j 795
b 792
v 791
e 779
q 769
t 769
h 763
i 752
Case #20
d 1168
Case #21
o 9
c 8
e 7
i 6
z 6
n 5
d 4
y 4
p 3
t 3
q 2
Case #22
r 936
o 924
Case #23
r 357
z 352
i 350
n 350
x 345
g 342
l 335
f 333
o 332
y 332
b 331
a 330
c 327
d 318
w 318
m 317
q 317
s 315
v 314
u 306
j 305
h 294
t 278
Case #24
l 137
a 132
h 127
k 127
z 126
b 125
j 125
g 123
e 122
o 122
v 122
c 121
u 115
f 113
t 113
x 111
n 110
q 108
d 98
Case #25
s 213
j 198
c 193
n 179
w 163
Case #26
y 306
i 304
g 299
u 295
w 294
h 289
d 288
e 288
m 287
z 285
r 281
p 280
t 276
a 272
n 272
k 271
q 271
b 270
o 270
c 264
x 251
Case #27
r 52
s 50
v 49
w 45
q 43
g 40
i 40
n 40
p 40
x 39
m 37
c 35
t 33
y 33
k 29
Case #28
f 558
q 539
w 538
j 512
p 511
s 511
x 503
g 488
l 483
r 483
m 469
a 465
Case #29
a 1063
r 1039
k 1012
b 1010
m 1002
w 993
Case #30
c 1280
a 1265
q 1257
b 1255
u 1235
x 1228
k 1190
Case #31
o 849
l 835
a 817
n 814
e 813
Case #32
d 290
e 268
x 265
b 264
c 261
l 259
a 256
i 256
v 255
z 255
m 254
j 252
h 249
n 249
q 248
p 245
y 244
s 241
w 239
t 238
f 232
u 231
k 229
r 226
o 220
Case #33
e 96
h 89
x 88
v 86
s 83
r 82
i 79
k 79
m 79
q 78
u 78
a 76
j 74
d 72
o 71
c 69
n 69
w 69
b 68
p 67
f 65
l 65
t 64
z 57
y 56
Case #34
s 1129
f 1119
q 1103
i 1099
h 1079
e 1055
r 1033
Case #35
a 232
o 230
k 226
u 226
y 226
q 223
x 223
h 221
w 220
m 217
t 217
s 210
b 209
d 209
v 208
p 205
z 205
i 197
g 196
f 194
n 193
c 181
Case #36
d 276
f 271
t 264
a 257
c 253
v 247
i 243
m 239
q 239
n 224
Case #37
q 511
m 479
h 467
o 462
a 461
k 461
d 458
r 454
n 435
Case #38
x 464
n 459
o 453
e 450
i 450
m 449
h 446
l 444
p 444
w 436
a 431
b 427
u 425
j 423
d 422
r 422
k 414
z 413
f 411
Case #39
s 6
n 5
f 4
h 4
t 4
p 3
z 2
i 1
j 1
m 1
Case #40
v 61
u 51
w 51
x 50
o 49
y 48
j 47
k 46
q 46
f 45
l 43
e 41
n 41
a 39
h 39
t 39
p 38
s 37
g 29
d 27
Case #41
d 1804
x 1774
Case #42
k 168
g 164
c 162
t 160
h 156
w 154
l 152
y 151
n 150
e 144
r 143
o 141
d 134
z 134
f 126
Case #43
g 28
u 26
x 21
c 18
j 13
Case #44
q 545
d 542
m 540
b 530
s 516
v 479
x 460
Case #45
p 1050
x 1023
w 1000
o 991
d 986
i 963
k 936
y 930
Case #46
i 2267
g 2241
b 2195
Case #47
c 645
Case #48
h 1428
s 1422
o 1385
r 1374
c 1368
a 1320
Case #49
d 6
u 6
v 6
o 5
c 4
i 4
l 4
x 4
y 4
h 3
m 3
n 3
s 3
b 2
e 2
g 2
p 2
r 2
f 1
k 1
t 1
z 1
Case #50
i 30
h 25
e 24
k 24
n 23
x 23
o 21
u 21
v 21
j 20
r 19
l 16
f 15
s 14
b 12
c 12
z 11
Case #51
l 59
x 59
r 57
e 55
p 53
y 51
h 48
d 46
v 46
j 45
f 44
q 42
t 39
b 38
Case #52
h 452
l 446
k 445
y 440
m 439
d 429
v 428
t 427
f 426
x 424
n 423
b 422
j 421
p 420
s 419
c 412
u 411
w 411
o 408
a 403
z 402
q 375
Case #53
e 125
u 112
h 109
o 81
Case #54
d 931
n 902
u 897
c 883
Case #55
v 164
j 157
f 149
q 147
h 142
s 142
e 141
w 141
t 140
a 138
z 138
b 135
c 135
u 134
k 133
g 129
x 129
i 124
n 121
r 120
y 117
l 115
Case #56
l 249
m 244
u 242
s 235
b 232
z 232
t 231
a 230
f 230
d 226
v 226
p 225
q 223
i 222
g 221
r 220
c 218
k 218
n 218
e 212
w 212
y 210
j 209
o 209
h 206
x 204
Case #57
i 3524
Case #58
h 312
u 302
n 294
d 293
j 293
m 290
p 290
w 286
x 286
o 284
l 282
z 282
k 275
y 271
s 269
i 265
r 262
q 249
t 245
Case #59
l 450
z 438
g 422
h 420
i 419
q 398
x 380
Case #60
s 649
m 616
n 607
q 604
c 599
t 596
Case #61
o 1084
q 1082
p 1027
u 1006
Case #62
g 454
v 452
p 443
y 442
b 441
s 426
f 424
c 423
m 412
r 408
h 407
u 406
i 399
l 391
Case #63
h 171
n 171
c 170
p 163
j 162
f 161
d 157
k 156
b 151
s 151
u 150
e 143
x 143
w 142
v 140
i 139
o 138
q 134
m 130
t 128
Case #64
a 128
i 123
m 123
v 115
x 115
j 113
t 110
b 109
e 109
h 108
l 108
u 108
y 108
g 107
w 107
p 106
c 101
r 97
n 96
q 93
z 89
Case #65
y 132
d 124
x 123
g 119
i 117
m 117
h 116
v 116
a 114
s 114
z 112
c 111
e 111
q 110
r 109
u 109
l 107
t 107
f 105
j 104
p 104
b 101
n 100
k 94
Case #66
a 369
u 367
c 362
n 358
z 349
m 344
o 343
s 341
g 338
b 326
p 326
h 322
Case #67
z 251
o 240
q 238
k 236
u 236
m 235
p 235
f 234
t 229
x 228
r 224
j 223
n 221
y 219
l 218
i 216
a 215
v 215
c 212
s 211
d 204
g 202
b 201
e 195
Case #68
k 122
g 121
i 121
t 119
y 118
x 115
b 114
f 113
l 111
p 111
c 107
e 107
a 104
d 104
z 104
h 103
q 103
s 103
v 103
j 102
u 101
n 97
w 97
m 96
r 95
Case #69
x 560
n 546
f 537
r 536
t 528
c 513
v 499
Case #70
c 291
r 288
b 282
n 281
y 278
v 276
h 273
p 272
m 271
k 268
l 266
e 265
s 262
u 262
w 261
a 260
t 260
z 257
g 256
q 256
d 252
o 242
x 240
i 239
j 229
Case #71
y 154
i 152
e 151
s 150
z 150
h 149
j 148
k 147
w 146
q 145
r 144
d 143
b 142
m 140
x 137
f 135
l 134
n 133
u 133
v 132
a 128
o 125
c 124
t 124
g 122
Case #72
a 231
u 229
v 222
h 214
w 213
f 211
g 208
d 206
z 205
e 203
Case #73
s 139
o 131
v 130
c 127
m 126
i 125
t 124
a 121
l 121
f 119
e 118
k 117
w 117
n 116
z 112
g 111
h 108
j 108
x 106
y 106
Case #74
c 445
e 435
g 428
k 418
p 417
q 410
v 407
d 406
h 404
b 403
a 401
u 401
n 396
z 394
l 392
t 389
x 386
y 384
i 378
w 373
o 371
r 368
s 366
Case #75
u 350
z 332
m 330
l 328
i 327
o 325
p 325
b 323
r 321
t 321
j 317
g 315
v 313
a 311
s 307
q 302
f 299
d 282
Case #76
d 256
n 256
a 255
y 247
w 244
u 243
e 240
j 238
m 238
z 237
g 235
s 235
v 235
k 231
t 231
b 229
h 227
o 226
c 225
x 225
r 224
f 212
q 212
p 209
i 203
l 202
Case #77
n 343
a 339
l 338
z 337
o 331
r 328
u 323
t 321
k 319
x 319
f 318
i 318
e 315
q 311
h 308
m 308
w 308
g 307
b 305
v 302
c 301
d 300
s 294
p 292
j 287
Case #78
g 819
v 819
w 807
h 795
q 789
s 789
f 746
o 741
p 736
Case #79
z 234
q 226
v 226
l 223
b 221
i 220
f 216
g 216
p 215
h 210
n 210
r 209
d 207
u 207
w 205
t 204
e 203
a 201
j 201
y 200
o 184
Case #80
o 2960
Case #81
b 44
w 43
h 37
k 36
q 35
d 34
p 34
g 33
a 32
f 32
t 32
y 32
m 31
z 29
s 28
c 27
j 27
l 27
u 26
i 24
o 24
r 24
v 24
x 24
n 23
Case #82
c 938
n 928
w 908
b 906
m 897
Case #83
b 65
r 64
p 55
a 54
t 54
g 53
h 53
n 52
w 49
y 49
v 48
x 48
i 46
z 45
f 44
u 43
k 38
Case #84
p 80
o 73
w 72
d 70
j 69
u 67
y 66
c 65
m 65
r 65
g 64
t 64
k 63
s 63
x 63
f 61
a 60
b 60
l 59
i 58
z 57
q 56
n 55
h 53
v 53
e 45
Case #85
x 144
c 140
e 132
s 129
f 127
u 127
g 126
m 125
q 125
p 120
w 120
j 119
z 117
d 112
l 112
r 109
Case #86
c 145
i 145
g 139
f 136
k 133
p 131
w 130
h 126
z 125
j 123
v 122
d 121
u 120
q 119
a 117
m 116
b 114
o 109
l 106
n 98
e 97
Case #87
e 1265
h 1259
c 1236
d 1171
w 1162
Case #88
d 426
r 420
e 396
f 394
o 393
g 389
t 384
n 373
Case #89
d 7
s 7
y 7
k 6
a 5
c 5
j 5
m 5
o 5
p 5
t 5
v 5
x 5
e 4
g 4
l 4
n 4
w 4
b 3
h 3
u 3
r 2
z 2
i 1
Case #90
j 348
q 331
n 319
b 317
a 315
Case #91
i 203
c 202
u 197
y 195
o 193
k 190
z 188
p 179
l 174
t 169
h 164
v 164
Case #92
c 37
o 35
t 35
i 33
f 32
g 31
j 30
q 29
u 29
b 27
s 25
x 25
h 24
a 23
e 23
k 23
n 23
r 22
w 22
y 22
z 21
p 20
d 19
l 18
Case #93
p 353
v 345
j 341
u 341
s 337
w 337
c 333
g 331
a 330
d 330
o 328
b 319
f 317
i 317
h 316
q 316
n 310
x 305
Case #94
c 2036
Case #95
x 1026
k 999
e 980
j 978
w 965
v 961
Case #96
x 1336
f 1292
d 1278
w 1270
b 1266
a 1254
Case #97
s 417
d 411
w 397
n 396
h 388
r 388
p 385
l 383
o 380
y 378
m 375
e 374
a 372
q 372
c 371
j 371
t 369
b 367
v 365
k 362
u 361
x 357
Case #98
u 137
i 135
c 132
k 127
n 124
q 122
s 121
d 110
Case #99
s 441
y 436
z 426
f 425
e 421
r 419
k 417
d 415
q 415
m 414
p 413
w 413
a 405
c 401
o 400
j 395
t 384
n 372
Case #100
n 317
b 311
l 311
s 311
h 293
e 292
v 291
i 290
y 267
o 246
Case #101
q 1134
k 1073
b 1069
a 1033
r 1033
g 1032
c 1009
e 1009
Case #102
j 225
n 221
e 215
x 211
b 209
r 209
t 209
v 206
p 204
m 203
u 203
y 203
d 193
k 193
i 189
c 187
z 180
Case #103
g 85
d 84
h 82
i 75
x 75
q 73
s 72
t 72
j 70
e 69
c 68
a 64
v 64
w 64
n 63
z 49
Case #104
m 480
t 478
s 477
n 475
d 471
j 470
h 461
g 459
o 458
x 458
v 445
r 416
p 411
z 409
Case #105
x 973
w 871
Case #106
m 108
e 105
p 100
i 99
g 98
s 97
c 95
h 94
j 92
n 91
w 86
z 83
Case #107
i 348
p 335
m 331
v 328
x 322
j 318
z 313
l 311
y 306
b 304
c 297
f 286
o 278
n 277
Case #108
f 6
h 5
b 4
c 4
j 4
k 3
l 3
u 3
v 3
e 2
x 2
a 1
g 1
n 1
p 1
r 1
Case #109
o 795
h 773
q 770
z 765
g 764
d 760
j 739
r 738
u 720
i 719
Case #110
r 61
v 52
y 52
a 49
i 49
t 49
m 48
x 48
h 46
z 46
c 45
b 44
o 44
d 42
q 41
s 39
e 38
Case #111
q 1002
h 961
Case #112
k 399
b 392
c 390
j 384
u 373
g 345
Case #113
n 536
a 532
e 524
t 510
x 505
c 491
i 490
y 489
u 485
s 479
q 477
v 469
o 460
z 456
Case #114
z 525
o 507
w 507
h 500
v 500
f 498
y 497
d 495
q 495
s 494
k 484
p 484
b 477
t 477
e 474
j 470
a 467
x 455
u 453
Case #115
o 387
l 372
y 371
s 365
g 362
a 361
e 361
u 359
z 357
p 355
h 330
v 329
j 320
Case #116
k 355
i 351
r 350
m 344
z 343
a 342
g 341
v 339
b 335
t 333
n 330
o 328
u 328
f 312
p 310
Case #117
e 1502
w 1460
u 1447
m 1416
Case #118
l 239
q 233
m 223
v 214
e 210
z 205
t 201
r 200
f 198
j 197
d 196
i 194
s 191
Case #119
q 408
v 398
l 390
d 385
n 382
s 365
e 363
p 359
i 357
c 349
m 348
g 347
t 343
w 332
Case #120
x 315
n 314
t 309
u 309
v 307
m 304
g 303
c 300
o 297
r 297
l 295
a 294
i 293
q 293
s 293
z 289
b 288
d 286
e 285
p 282
j 279
k 273
y 272
h 268
w 241
Case #121
e 6471
Case #122
u 303
x 295
l 293
c 291
j 281
p 280
z 280
r 279
o 276
v 271
d 270
e 269
w 259
k 257
s 238
Case #123
c 6
k 6
a 5
b 5
p 5
t 4
x 4
h 3
j 3
m 3
n 3
r 3
z 3
e 2
i 2
u 2
w 2
f 1
q 1
s 1
y 1
Case #124
x 210
a 196
j 187
w 187
f 184
v 182
h 181
i 180
o 180
s 179
e 171
d 167
y 165
c 164
p 156
z 156
u 154
l 150
k 147
Case #125
e 34
r 31
x 29
g 28
h 28
q 26
m 25
c 24
o 24
y 24
a 23
k 23
b 22
j 22
n 22
d 21
v 21
i 19
s 19
z 19
f 18
p 18
u 18
t 17
w 14
Case #126
q 286
r 277
o 275
m 270
f 268
l 266
h 265
n 265
j 260
s 259
w 259
x 258
t 256
d 253
y 252
z 249
a 248
e 248
v 245
g 244
i 244
b 243
c 240
p 240
u 235
Case #127
g 75
w 69
a 63
b 60
p 60
n 58
u 58
i 57
l 47
v 47
j 45
o 43
Case #128
c 32
j 26
b 20
r 20
x 20
q 14
u 14
d 10
Case #129
b 1763
h 1763
i 1737
p 1707
Case #130
u 551
o 540
j 512
w 512
m 503
v 501
z 501
d 488
y 479
Case #131
h 737
v 719
p 718
s 710
e 694
t 672
o 671
Case #132
w 1134
i 1132
x 1108
b 1103
f 1095
n 1072
s 1062
Case #133
x 29
f 28
g 28
a 26
p 24
j 23
o 23
d 22
r 22
b 21
s 21
u 21
z 21
l 20
i 18
q 18
c 17
t 17
w 17
e 16
m 16
h 15
y 15
Case #134
b 483
l 473
o 472
x 471
r 469
q 456
a 453
e 446
z 441
p 439
d 438
k 438
c 433
m 432
g 431
s 427
y 426
u 418
w 409
Case #135
b 6251
Case #136
u 928
r 910
a 901
f 897
o 891
p 887
y 885
h 866
z 849
x 840
Case #137
c 227
l 209
v 205
p 193
z 193
j 191
m 191
k 187
r 187
b 184
f 181
w 177
g 175
o 171
Case #138
e 278
b 273
c 267
z 267
r 266
v 265
g 263
s 263
y 261
h 255
p 250
l 247
n 246
q 246
x 243
f 242
u 240
o 238
w 238
k 237
j 231
t 219
Case #139
s 978
g 966
v 960
f 958
h 946
b 942
t 932
k 926
Case #140
r 144
b 137
k 133
u 132
c 126
i 119
y 118
d 109
v 108
Case #141
r 1804
Case #142
k 514
x 503
u 496
w 483
t 477
l 473
i 463
o 461
v 461
d 460
s 459
p 458
a 456
z 455
f 452
g 447
e 443
j 442
b 429
Case #143
a 558
q 556
r 555
w 550
j 549
p 547
l 546
b 543
y 540
t 532
v 526
e 522
o 519
h 511
k 509
Case #144
t 844
d 829
r 815
q 809
p 799
s 798
k 785
m 778
j 736
Case #145
r 818
v 767
k 762
b 749
y 726
c 719
Case #146
s 58
w 56
b 55
j 52
l 52
c 51
g 47
p 47
v 47
o 46
r 46
m 43
q 41
a 40
d 39
k 39
x 38
h 37
y 37
z 35
e 33
Case #147
b 708
i 699
a 681
m 657
z 655
r 650
v 643
p 641
k 640
c 624
n 616
Case #148
b 414
s 399
j 376
e 374
c 373
z 373
w 360
q 359
x 359
u 358
a 355
t 355
Case #149
l 50
f 46
b 45
e 45
h 44
a 42
m 42
u 42
j 41
r 40
d 39
o 39
q 39
v 39
c 37
g 36
k 35
z 33
i 29
x 29
t 25
Case #150
l 2379
c 2353
i 2351
Case #151
f 360
s 353
c 345
j 341
o 340
e 337
q 336
p 335
a 331
x 331
h 330
i 326
v 326
r 325
g 324
l 324
u 324
b 323
d 321
t 321
w 305
m 298
z 298
k 297
y 290
Case #152
d 118
x 114
i 112
k 108
r 108
j 107
e 106
v 106
l 105
n 104
h 98
o 97
u 97
y 97
f 94
c 93
w 90
m 86
g 85
Case #153
e 678
o 636
d 633
n 614
t 614
z 611
m 598
c 597
v 591
q 587
u 582
l 560
Case #154
s 229
i 219
m 214
f 210
a 209
o 209
t 208
v 208
d 205
y 204
r 201
z 197
w 192
c 189
p 189
e 188
k 188
q 186
j 185
x 183
b 177
u 177
l 162
Case #155
c 330
k 329
o 329
j 323
a 320
h 310
u 310
i 306
q 300
w 300
z 296
d 290
e 290
y 289
b 288
f 288
v 275
Case #156
a 589
h 583
d 558
e 557
i 544
l 542
r 534
k 533
s 531
b 526
u 523
p 522
n 507
t 493
j 465
Case #157
g 208
y 207
e 203
t 203
h 200
v 187
f 182
Case #158
h 2450
p 2426
c 2399
Case #159
u 20
y 18
a 17
k 17
c 16
j 16
v 16
z 16
p 15
f 14
l 14
q 14
e 13
i 13
o 13
s 13
r 12
b 11
g 11
h 11
n 11
m 10
t 9
w 9
d 8
x 8
Case #160
b 540
e 532
x 520
a 519
o 519
v 518
c 516
z 515
r 514
l 512
u 503
t 493
m 491
n 482
q 482
Case #161
o 138
c 137
w 137
p 136
h 129
m 127
d 126
k 125
z 124
x 123
l 118
n 117
a 115
g 114
q 113
f 111
i 108
j 107
r 107
e 105
b 104
y 100
Case #162
n 17
f 15
i 15
j 13
g 12
h 11
p 7
Case #163
t 531
d 529
p 513
s 510
g 508
k 505
a 497
e 497
l 495
r 492
b 491
c 483
x 479
w 478
n 472
f 471
q 471
j 459
i 451
Case #164
j 357
q 349
v 334
h 332
o 331
z 331
i 323
s 323
x 321
a 320
k 320
y 320
b 318
c 317
m 311
l 308
u 308
g 307
p 307
t 307
d 306
f 291
Case #165
g 289
q 284
w 276
v 272
o 263
t 263
d 261
u 253
a 248
i 245
k 244
r 243
s 243
x 241
b 236
h 236
c 235
y 234
n 231
Case #166
f 90
m 86
k 79
j 75
w 75
h 74
d 71
i 71
o 71
a 70
e 69
q 69
y 69
b 67
l 64
n 64
v 63
r 62
z 62
p 61
g 59
t 57
x 57
s 54
Case #167
b 2057
n 2019
t 1958
Case #168
o 456
w 444
x 444
b 432
u 432
z 430
k 422
y 416
p 403
s 398
c 392
g 381
i 367
Case #169
m 538
z 497
k 495
r 493
o 485
y 483
x 479
i 477
t 469
c 468
a 466
g 466
s 462
l 458
j 457
h 453
u 453
Case #170
g 292
Case #171
s 358
b 343
u 337
k 332
v 332
o 331
r 331
t 331
x 330
n 327
i 325
f 320
e 316
g 316
w 316
c 313
j 302
l 296
q 287
d 286
Case #172
f 409
d 394
m 388
z 387
s 383
q 382
r 378
j 375
l 364
c 346
b 325
Case #173
h 971
g 959
o 925
u 919
r 897
p 892
t 882
Case #174
g 62
o 58
e 55
u 55
j 54
i 53
l 53
f 52
d 51
s 50
t 50
n 49
z 47
c 46
w 45
b 43
x 43
a 42
p 40
v 40
k 39
m 38
r 37
h 33
Case #175
g 55
s 47
u 47
p 45
z 45
x 44
e 43
b 42
v 41
a 39
f 39
j 39
q 39
l 38
d 36
m 36
o 36
r 36
t 36
k 35
w 34
h 33
n 29
Case #176
k 73
j 71
z 70
x 68
v 67
d 66
p 66
c 65
g 65
e 63
q 63
w 63
m 62
r 62
t 59
y 59
n 58
a 57
l 56
i 55
o 55
b 51
s 49
Case #177
j 112
m 106
h 103
z 102
x 97
n 96
c 95
f 92
d 91
p 90
r 89
v 89
l 88
o 88
b 87
y 87
q 86
g 85
s 84
w 84
t 83
a 80
k 76
u 75
e 73
Case #178
d 541
w 499
g 496
l 494
z 491
s 486
k 478
o 472
r 456
Case #179
r 313
c 298
u 297
l 295
b 293
o 290
a 283
t 283
x 280
k 276
p 275
n 272
z 271
i 270
v 270
h 268
g 267
s 263
y 261
d 260
j 260
e 257
w 256
Case #180
d 517
f 516
i 501
k 501
y 500
x 477
h 472
j 472
b 471
l 470
c 468
o 467
u 467
a 466
q 463
v 435
Case #181
t 394
x 393
u 391
w 387
b 384
k 383
f 381
c 377
a 371
i 368
h 364
g 361
l 360
o 358
q 358
p 350
y 346
d 345
m 313
Case #182
c 461
k 455
p 446
a 445
x 445
s 440
i 439
w 432
h 430
z 428
j 421
u 408
d 391
Case #183
h 29
v 22
o 21
y 21
q 20
b 19
k 19
p 19
e 18
j 16
l 16
r 16
w 16
z 16
f 15
n 15
u 15
x 15
s 14
a 13
g 13
i 13
c 12
d 11
m 11
t 9
Case #184
b 794
k 786
p 769
v 766
n 746
w 743
f 723
r 720
x 708
Case #185
z 343
a 338
y 336
u 335
e 333
x 332
c 331
l 330
t 321
b 317
n 316
d 314
v 313
f 309
h 308
o 302
q 302
k 287
p 279
Case #186
u 443
q 441
o 428
j 426
d 424
r 423
c 422
x 421
k 419
l 418
y 415
z 411
a 405
p 401
w 398
b 397
n 397
e 396
f 396
v 396
i 387
s 381
Case #187
b 413
h 403
g 399
v 399
q 396
z 389
r 383
i 381
y 381
j 380
d 379
w 379
f 377
m 370
l 369
p 368
x 355
k 353
s 353
c 340
u 336
a 327
Case #188
y 78
o 67
r 61
t 59
p 58
c 53
j 53
q 53
a 52
k 51
d 49
i 49
x 49
g 48
l 48
w 48
z 43
n 42
v 42
f 41
h 41
m 41
u 40
e 38
b 36
s 34
Case #189
s 131
g 107
z 99
i 97
u 96
v 91
Case #190
o 902
y 895
s 867
t 856
j 848
r 843
v 842
h 829
x 807
Case #191
j 417
w 408
z 400
e 390
l 388
r 383
o 380
t 380
a 378
m 377
b 376
i 375
g 372
k 371
d 370
n 363
h 361
v 360
x 357
p 355
f 354
s 354
c 352
q 351
u 351
y 347
Case #192
s 406
u 400
v 387
z 387
i 385
l 381
p 381
g 380
a 377
q 377
n 376
x 375
y 372
o 371
c 369
h 367
r 365
e 364
d 363
j 356
f 354
m 354
k 349
w 348
t 347
b 328
Case #193
z 402
c 398
a 396
g 392
d 384
j 379
p 379
b 378
q 378
w 376
h 375
n 375
e 373
l 372
r 371
v 370
y 369
f 367
o 366
s 364
i 359
k 353
t 350
x 344
m 337
u 334
Case #194
d 397
l 397
c 396
n 392
x 391
q 387
y 387
g 386
w 386
s 382
o 380
j 371
m 371
u 369
p 367
t 367
i 365
e 362
v 361
a 356
h 356
f 350
b 347
k 347
z 343
r 341
Case #195
e 413
l 396
k 393
i 392
r 392
a 388
o 388
w 387
u 384
z 382
m 373
x 372
v 369
n 367
d 366
f 364
c 362
h 360
g 359
j 358
q 357
t 350
y 350
s 348
p 346
b 343
Case #196
r 421
k 396
u 392
v 389
a 387
p 386
i 385
w 384
h 382
d 380
z 380
y 379
q 377
f 374
j 373
l 366
s 362
g 359
t 358
c 357
e 354
x 352
n 351
b 345
o 345
m 344
Case #197
f 400
r 394
i 389
b 388
n 387
z 387
g 383
v 382
y 381
t 378
m 377
u 377
l 376
w 375
c 367
h 366
q 366
j 365
a 364
e 363
s 356
x 353
p 347
k 346
d 340
o 329
Case #198
t 407
u 401
z 399
p 394
y 394
o 393
j 388
e 386
r 382
s 380
n 374
x 374
k 373
d 370
f 368
q 364
b 362
v 358
c 355
w 355
i 352
h 351
m 347
a 344
g 343
l 343
Case #199
c 396
m 396
d 395
u 395
i 393
h 388
w 388
g 386
n 382
l 380
j 379
t 377
y 371
b 364
q 362
z 362
p 359
f 357
o 357
a 355
e 355
k 353
s 352
r 347
x 342
v 334
Case #200
c 403
o 403
q 403
r 391
w 390
f 389
a 385
d 378
n 378
p 373
x 373
h 372
v 372
i 371
z 371
k 367
e 365
y 365
u 361
s 352
b 348
g 347
j 343
l 340
m 339
t 338
